animatestate/build/intermediates/manifest_merge_blame_file/debug/manifest-merger-blame-debug-report.txt
1<?xml version="1.0" encoding="utf-8"?>
2<manifest xmlns:android="http://schemas.android.com/apk/res/android"
3    package="com.chany.animatestate"
4    android:versionCode="1"
5    android:versionName="1.0" >
6
7    <uses-sdk
8        android:minSdkVersion="26"
8-->src\main\AndroidManifest.xml
9        android:targetSdkVersion="33" />
9-->src\main\AndroidManifest.xml
10
11    <application
11-->src\main\AndroidManifest.xml:4:5-22:19
12        android:allowBackup="true"
12-->src\main\AndroidManifest.xml:5:9-35
13        android:appComponentFactory="androidx.core.app.CoreComponentFactory"
13-->[androidx.core:core:1.8.0] AndroidManifest.xml:24:18-86
14        android:debuggable="true"
15        android:extractNativeLibs="false"
16        android:icon="@mipmap/ic_launcher"
16-->src\main\AndroidManifest.xml:6:9-43
17        android:label="@string/app_name"
17-->src\main\AndroidManifest.xml:7:9-41
18        android:roundIcon="@mipmap/ic_launcher_round"
18-->src\main\AndroidManifest.xml:8:9-54
19        android:supportsRtl="true"
19-->src\main\AndroidManifest.xml:9:9-35
20        android:theme="@style/Theme.Practice" >
20-->src\main\AndroidManifest.xml:10:9-46
21        <activity
21-->src\main\AndroidManifest.xml:11:9-21:20
22            android:name="com.chany.animatestate.MainActivity"
22-->src\main\AndroidManifest.xml:12:13-41
23            android:exported="true"
23-->src\main\AndroidManifest.xml:13:13-36
24            android:label="@string/app_name"
24-->src\main\AndroidManifest.xml:14:13-45
25            android:theme="@style/Theme.Practice" >
25-->src\main\AndroidManifest.xml:15:13-50
26            <intent-filter>
26-->src\main\AndroidManifest.xml:16:13-20:29
27                <action android:name="android.intent.action.MAIN" />
27-->src\main\AndroidManifest.xml:17:17-69
27-->src\main\AndroidManifest.xml:17:25-66
28
29                <category android:name="android.intent.category.LAUNCHER" />
29-->src\main\AndroidManifest.xml:19:17-77
29-->src\main\AndroidManifest.xml:19:27-74
30            </intent-filter>
31        </activity>
32        <activity
32-->[androidx.compose.ui:ui-tooling:1.3.0] AndroidManifest.xml:23:9-25:39
33            android:name="androidx.compose.ui.tooling.PreviewActivity"
33-->[androidx.compose.ui:ui-tooling:1.3.0] AndroidManifest.xml:24:13-71
34            android:exported="true" />
34-->[androidx.compose.ui:ui-tooling:1.3.0] AndroidManifest.xml:25:13-36
35        <activity
35-->[androidx.compose.ui:ui-test-manifest:1.3.0] AndroidManifest.xml:23:9-25:39
36            android:name="androidx.activity.ComponentActivity"
36-->[androidx.compose.ui:ui-test-manifest:1.3.0] AndroidManifest.xml:24:13-63
37            android:exported="true" />
37-->[androidx.compose.ui:ui-test-manifest:1.3.0] AndroidManifest.xml:25:13-36
38
39        <provider
39-->[androidx.profileinstaller:profileinstaller:1.2.0] AndroidManifest.xml:25:9-33:20
40            android:name="androidx.startup.InitializationProvider"
40-->[androidx.profileinstaller:profileinstaller:1.2.0] AndroidManifest.xml:26:13-67
41            android:authorities="com.chany.animatestate.androidx-startup"
41-->[androidx.profileinstaller:profileinstaller:1.2.0] AndroidManifest.xml:27:13-68
42            android:exported="false" >
42-->[androidx.profileinstaller:profileinstaller:1.2.0] AndroidManifest.xml:28:13-37
43            <meta-data
43-->[androidx.profileinstaller:profileinstaller:1.2.0] AndroidManifest.xml:30:13-32:52
44                android:name="androidx.profileinstaller.ProfileInstallerInitializer"
44-->[androidx.profileinstaller:profileinstaller:1.2.0] AndroidManifest.xml:31:17-85
45                android:value="androidx.startup" />
45-->[androidx.profileinstaller:profileinstaller:1.2.0] AndroidManifest.xml:32:17-49
46        </provider>
47
48        <receiver
48-->[androidx.profileinstaller:profileinstaller:1.2.0] AndroidManifest.xml:35:9-47:20
49            android:name="androidx.profileinstaller.ProfileInstallReceiver"
49-->[androidx.profileinstaller:profileinstaller:1.2.0] AndroidManifest.xml:36:13-76
50            android:directBootAware="false"
50-->[androidx.profileinstaller:profileinstaller:1.2.0] AndroidManifest.xml:37:13-44
51            android:enabled="true"
51-->[androidx.profileinstaller:profileinstaller:1.2.0] AndroidManifest.xml:38:13-35
52            android:exported="true"
52-->[androidx.profileinstaller:profileinstaller:1.2.0] AndroidManifest.xml:39:13-36
53            android:permission="android.permission.DUMP" >
53-->[androidx.profileinstaller:profileinstaller:1.2.0] AndroidManifest.xml:40:13-57
54            <intent-filter>
54-->[androidx.profileinstaller:profileinstaller:1.2.0] AndroidManifest.xml:41:13-43:29
55                <action android:name="androidx.profileinstaller.action.INSTALL_PROFILE" />
55-->[androidx.profileinstaller:profileinstaller:1.2.0] AndroidManifest.xml:42:17-91
55-->[androidx.profileinstaller:profileinstaller:1.2.0] AndroidManifest.xml:42:25-88
56            </intent-filter>
57            <intent-filter>
57-->[androidx.profileinstaller:profileinstaller:1.2.0] AndroidManifest.xml:44:13-46:29
58                <action android:name="androidx.profileinstaller.action.SKIP_FILE" />
58-->[androidx.profileinstaller:profileinstaller:1.2.0] AndroidManifest.xml:45:17-85
58-->[androidx.profileinstaller:profileinstaller:1.2.0] AndroidManifest.xml:45:25-82
59            </intent-filter>
60        </receiver>
61    </application>
62
63</manifest>